<?xml version="1.0" encoding="UTF-8"?>
<testsuite xmlns:xsi="http://www.w3.org/2001/XMLSchema-instance" xsi:noNamespaceSchemaLocation="https://maven.apache.org/surefire/maven-surefire-plugin/xsd/surefire-test-report.xsd" name="TestSuite" time="295.555" tests="8" errors="0" skipped="2" failures="2">
  <properties>
    <property name="sun.desktop" value="windows"/>
    <property name="awt.toolkit" value="sun.awt.windows.WToolkit"/>
    <property name="file.encoding.pkg" value="sun.io"/>
    <property name="java.specification.version" value="1.8"/>
    <property name="sun.cpu.isalist" value="amd64"/>
    <property name="sun.jnu.encoding" value="Cp1252"/>
    <property name="java.class.path" value="C:\Subu\Samsung\TA2L\Eclipse_Workspace\eBayTvShopping\target\test-classes;C:\Subu\Samsung\TA2L\Eclipse_Workspace\eBayTvShopping\target\classes;C:\Users\sb.ganapati\.m2\repository\org\seleniumhq\selenium\selenium-java\3.141.59\selenium-java-3.141.59.jar;C:\Users\sb.ganapati\.m2\repository\org\seleniumhq\selenium\selenium-api\3.141.59\selenium-api-3.141.59.jar;C:\Users\sb.ganapati\.m2\repository\org\seleniumhq\selenium\selenium-chrome-driver\3.141.59\selenium-chrome-driver-3.141.59.jar;C:\Users\sb.ganapati\.m2\repository\org\seleniumhq\selenium\selenium-edge-driver\3.141.59\selenium-edge-driver-3.141.59.jar;C:\Users\sb.ganapati\.m2\repository\org\seleniumhq\selenium\selenium-firefox-driver\3.141.59\selenium-firefox-driver-3.141.59.jar;C:\Users\sb.ganapati\.m2\repository\org\seleniumhq\selenium\selenium-ie-driver\3.141.59\selenium-ie-driver-3.141.59.jar;C:\Users\sb.ganapati\.m2\repository\org\seleniumhq\selenium\selenium-opera-driver\3.141.59\selenium-opera-driver-3.141.59.jar;C:\Users\sb.ganapati\.m2\repository\org\seleniumhq\selenium\selenium-remote-driver\3.141.59\selenium-remote-driver-3.141.59.jar;C:\Users\sb.ganapati\.m2\repository\org\seleniumhq\selenium\selenium-safari-driver\3.141.59\selenium-safari-driver-3.141.59.jar;C:\Users\sb.ganapati\.m2\repository\org\seleniumhq\selenium\selenium-support\3.141.59\selenium-support-3.141.59.jar;C:\Users\sb.ganapati\.m2\repository\net\bytebuddy\byte-buddy\1.8.15\byte-buddy-1.8.15.jar;C:\Users\sb.ganapati\.m2\repository\org\apache\commons\commons-exec\1.3\commons-exec-1.3.jar;C:\Users\sb.ganapati\.m2\repository\com\google\guava\guava\25.0-jre\guava-25.0-jre.jar;C:\Users\sb.ganapati\.m2\repository\com\google\code\findbugs\jsr305\1.3.9\jsr305-1.3.9.jar;C:\Users\sb.ganapati\.m2\repository\org\checkerframework\checker-compat-qual\2.0.0\checker-compat-qual-2.0.0.jar;C:\Users\sb.ganapati\.m2\repository\com\google\errorprone\error_prone_annotations\2.1.3\error_prone_annotations-2.1.3.jar;C:\Users\sb.ganapati\.m2\repository\com\google\j2objc\j2objc-annotations\1.1\j2objc-annotations-1.1.jar;C:\Users\sb.ganapati\.m2\repository\org\codehaus\mojo\animal-sniffer-annotations\1.14\animal-sniffer-annotations-1.14.jar;C:\Users\sb.ganapati\.m2\repository\com\squareup\okhttp3\okhttp\3.11.0\okhttp-3.11.0.jar;C:\Users\sb.ganapati\.m2\repository\com\squareup\okio\okio\1.14.0\okio-1.14.0.jar;C:\Users\sb.ganapati\.m2\repository\io\appium\java-client\6.1.0\java-client-6.1.0.jar;C:\Users\sb.ganapati\.m2\repository\com\google\code\gson\gson\2.8.4\gson-2.8.4.jar;C:\Users\sb.ganapati\.m2\repository\org\apache\httpcomponents\httpclient\4.5.5\httpclient-4.5.5.jar;C:\Users\sb.ganapati\.m2\repository\org\apache\httpcomponents\httpcore\4.4.9\httpcore-4.4.9.jar;C:\Users\sb.ganapati\.m2\repository\commons-logging\commons-logging\1.2\commons-logging-1.2.jar;C:\Users\sb.ganapati\.m2\repository\cglib\cglib\3.2.6\cglib-3.2.6.jar;C:\Users\sb.ganapati\.m2\repository\org\apache\ant\ant\1.9.6\ant-1.9.6.jar;C:\Users\sb.ganapati\.m2\repository\org\apache\ant\ant-launcher\1.9.6\ant-launcher-1.9.6.jar;C:\Users\sb.ganapati\.m2\repository\commons-validator\commons-validator\1.6\commons-validator-1.6.jar;C:\Users\sb.ganapati\.m2\repository\commons-beanutils\commons-beanutils\1.9.2\commons-beanutils-1.9.2.jar;C:\Users\sb.ganapati\.m2\repository\commons-digester\commons-digester\1.8.1\commons-digester-1.8.1.jar;C:\Users\sb.ganapati\.m2\repository\commons-collections\commons-collections\3.2.2\commons-collections-3.2.2.jar;C:\Users\sb.ganapati\.m2\repository\org\springframework\spring-context\5.0.5.RELEASE\spring-context-5.0.5.RELEASE.jar;C:\Users\sb.ganapati\.m2\repository\org\springframework\spring-aop\5.0.5.RELEASE\spring-aop-5.0.5.RELEASE.jar;C:\Users\sb.ganapati\.m2\repository\org\springframework\spring-beans\5.0.5.RELEASE\spring-beans-5.0.5.RELEASE.jar;C:\Users\sb.ganapati\.m2\repository\org\springframework\spring-core\5.0.5.RELEASE\spring-core-5.0.5.RELEASE.jar;C:\Users\sb.ganapati\.m2\repository\org\springframework\spring-jcl\5.0.5.RELEASE\spring-jcl-5.0.5.RELEASE.jar;C:\Users\sb.ganapati\.m2\repository\org\springframework\spring-expression\5.0.5.RELEASE\spring-expression-5.0.5.RELEASE.jar;C:\Users\sb.ganapati\.m2\repository\org\aspectj\aspectjweaver\1.9.1\aspectjweaver-1.9.1.jar;C:\Users\sb.ganapati\.m2\repository\org\openpnp\opencv\3.2.0-1\opencv-3.2.0-1.jar;C:\Users\sb.ganapati\.m2\repository\org\testng\testng\6.14.3\testng-6.14.3.jar;C:\Users\sb.ganapati\.m2\repository\com\beust\jcommander\1.72\jcommander-1.72.jar;C:\Users\sb.ganapati\.m2\repository\org\apache-extras\beanshell\bsh\2.0b6\bsh-2.0b6.jar;C:\Users\sb.ganapati\.m2\repository\org\ow2\asm\asm\7.1\asm-7.1.jar;C:\Users\sb.ganapati\.m2\repository\cglib\cglib-nodep\3.0\cglib-nodep-3.0.jar;C:\Users\sb.ganapati\.m2\repository\org\apache\poi\poi\4.1.0\poi-4.1.0.jar;C:\Users\sb.ganapati\.m2\repository\commons-codec\commons-codec\1.12\commons-codec-1.12.jar;C:\Users\sb.ganapati\.m2\repository\org\apache\commons\commons-collections4\4.3\commons-collections4-4.3.jar;C:\Users\sb.ganapati\.m2\repository\org\apache\commons\commons-math3\3.6.1\commons-math3-3.6.1.jar;C:\Users\sb.ganapati\.m2\repository\org\apache\poi\poi-ooxml\4.1.0\poi-ooxml-4.1.0.jar;C:\Users\sb.ganapati\.m2\repository\org\apache\poi\poi-ooxml-schemas\4.1.0\poi-ooxml-schemas-4.1.0.jar;C:\Users\sb.ganapati\.m2\repository\org\apache\xmlbeans\xmlbeans\3.1.0\xmlbeans-3.1.0.jar;C:\Users\sb.ganapati\.m2\repository\org\apache\commons\commons-compress\1.18\commons-compress-1.18.jar;C:\Users\sb.ganapati\.m2\repository\com\github\virtuald\curvesapi\1.06\curvesapi-1.06.jar;C:\Users\sb.ganapati\.m2\repository\org\apache\commons\commons-lang3\3.9\commons-lang3-3.9.jar;C:\Users\sb.ganapati\.m2\repository\commons-io\commons-io\1.3.2\commons-io-1.3.2.jar;C:\Users\sb.ganapati\.m2\repository\log4j\log4j\1.2.17\log4j-1.2.17.jar;C:\Users\sb.ganapati\.m2\repository\com\aventstack\extentreports\4.0.9\extentreports-4.0.9.jar;C:\Users\sb.ganapati\.m2\repository\org\freemarker\freemarker\2.3.23\freemarker-2.3.23.jar;C:\Users\sb.ganapati\.m2\repository\org\mongodb\mongodb-driver\3.3.0\mongodb-driver-3.3.0.jar;C:\Users\sb.ganapati\.m2\repository\org\mongodb\mongodb-driver-core\3.3.0\mongodb-driver-core-3.3.0.jar;C:\Users\sb.ganapati\.m2\repository\org\mongodb\bson\3.3.0\bson-3.3.0.jar;C:\Users\sb.ganapati\.m2\repository\org\apache\httpcomponents\httpmime\4.5.2\httpmime-4.5.2.jar;"/>
    <property name="java.vm.vendor" value="Oracle Corporation"/>
    <property name="sun.arch.data.model" value="64"/>
    <property name="user.variant" value=""/>
    <property name="java.vendor.url" value="http://java.oracle.com/"/>
    <property name="user.timezone" value="Australia/Sydney"/>
    <property name="java.vm.specification.version" value="1.8"/>
    <property name="os.name" value="Windows 7"/>
    <property name="user.country" value="AU"/>
    <property name="sun.java.launcher" value="SUN_STANDARD"/>
    <property name="sun.boot.library.path" value="C:\Program Files\Java\jdk1.8.0_151\jre\bin"/>
    <property name="sun.java.command" value="C:\Users\SBCA20~1.GAN\AppData\Local\Temp\surefire2226171670801770708\surefirebooter8923624674346466497.jar C:\Users\sb.ganapati\AppData\Local\Temp\surefire2226171670801770708 2019-05-14T20-24-28_524-jvmRun1 surefire2083727478356095555tmp surefire_08152534440608567360tmp"/>
    <property name="surefire.test.class.path" value="C:\Subu\Samsung\TA2L\Eclipse_Workspace\eBayTvShopping\target\test-classes;C:\Subu\Samsung\TA2L\Eclipse_Workspace\eBayTvShopping\target\classes;C:\Users\sb.ganapati\.m2\repository\org\seleniumhq\selenium\selenium-java\3.141.59\selenium-java-3.141.59.jar;C:\Users\sb.ganapati\.m2\repository\org\seleniumhq\selenium\selenium-api\3.141.59\selenium-api-3.141.59.jar;C:\Users\sb.ganapati\.m2\repository\org\seleniumhq\selenium\selenium-chrome-driver\3.141.59\selenium-chrome-driver-3.141.59.jar;C:\Users\sb.ganapati\.m2\repository\org\seleniumhq\selenium\selenium-edge-driver\3.141.59\selenium-edge-driver-3.141.59.jar;C:\Users\sb.ganapati\.m2\repository\org\seleniumhq\selenium\selenium-firefox-driver\3.141.59\selenium-firefox-driver-3.141.59.jar;C:\Users\sb.ganapati\.m2\repository\org\seleniumhq\selenium\selenium-ie-driver\3.141.59\selenium-ie-driver-3.141.59.jar;C:\Users\sb.ganapati\.m2\repository\org\seleniumhq\selenium\selenium-opera-driver\3.141.59\selenium-opera-driver-3.141.59.jar;C:\Users\sb.ganapati\.m2\repository\org\seleniumhq\selenium\selenium-remote-driver\3.141.59\selenium-remote-driver-3.141.59.jar;C:\Users\sb.ganapati\.m2\repository\org\seleniumhq\selenium\selenium-safari-driver\3.141.59\selenium-safari-driver-3.141.59.jar;C:\Users\sb.ganapati\.m2\repository\org\seleniumhq\selenium\selenium-support\3.141.59\selenium-support-3.141.59.jar;C:\Users\sb.ganapati\.m2\repository\net\bytebuddy\byte-buddy\1.8.15\byte-buddy-1.8.15.jar;C:\Users\sb.ganapati\.m2\repository\org\apache\commons\commons-exec\1.3\commons-exec-1.3.jar;C:\Users\sb.ganapati\.m2\repository\com\google\guava\guava\25.0-jre\guava-25.0-jre.jar;C:\Users\sb.ganapati\.m2\repository\com\google\code\findbugs\jsr305\1.3.9\jsr305-1.3.9.jar;C:\Users\sb.ganapati\.m2\repository\org\checkerframework\checker-compat-qual\2.0.0\checker-compat-qual-2.0.0.jar;C:\Users\sb.ganapati\.m2\repository\com\google\errorprone\error_prone_annotations\2.1.3\error_prone_annotations-2.1.3.jar;C:\Users\sb.ganapati\.m2\repository\com\google\j2objc\j2objc-annotations\1.1\j2objc-annotations-1.1.jar;C:\Users\sb.ganapati\.m2\repository\org\codehaus\mojo\animal-sniffer-annotations\1.14\animal-sniffer-annotations-1.14.jar;C:\Users\sb.ganapati\.m2\repository\com\squareup\okhttp3\okhttp\3.11.0\okhttp-3.11.0.jar;C:\Users\sb.ganapati\.m2\repository\com\squareup\okio\okio\1.14.0\okio-1.14.0.jar;C:\Users\sb.ganapati\.m2\repository\io\appium\java-client\6.1.0\java-client-6.1.0.jar;C:\Users\sb.ganapati\.m2\repository\com\google\code\gson\gson\2.8.4\gson-2.8.4.jar;C:\Users\sb.ganapati\.m2\repository\org\apache\httpcomponents\httpclient\4.5.5\httpclient-4.5.5.jar;C:\Users\sb.ganapati\.m2\repository\org\apache\httpcomponents\httpcore\4.4.9\httpcore-4.4.9.jar;C:\Users\sb.ganapati\.m2\repository\commons-logging\commons-logging\1.2\commons-logging-1.2.jar;C:\Users\sb.ganapati\.m2\repository\cglib\cglib\3.2.6\cglib-3.2.6.jar;C:\Users\sb.ganapati\.m2\repository\org\apache\ant\ant\1.9.6\ant-1.9.6.jar;C:\Users\sb.ganapati\.m2\repository\org\apache\ant\ant-launcher\1.9.6\ant-launcher-1.9.6.jar;C:\Users\sb.ganapati\.m2\repository\commons-validator\commons-validator\1.6\commons-validator-1.6.jar;C:\Users\sb.ganapati\.m2\repository\commons-beanutils\commons-beanutils\1.9.2\commons-beanutils-1.9.2.jar;C:\Users\sb.ganapati\.m2\repository\commons-digester\commons-digester\1.8.1\commons-digester-1.8.1.jar;C:\Users\sb.ganapati\.m2\repository\commons-collections\commons-collections\3.2.2\commons-collections-3.2.2.jar;C:\Users\sb.ganapati\.m2\repository\org\springframework\spring-context\5.0.5.RELEASE\spring-context-5.0.5.RELEASE.jar;C:\Users\sb.ganapati\.m2\repository\org\springframework\spring-aop\5.0.5.RELEASE\spring-aop-5.0.5.RELEASE.jar;C:\Users\sb.ganapati\.m2\repository\org\springframework\spring-beans\5.0.5.RELEASE\spring-beans-5.0.5.RELEASE.jar;C:\Users\sb.ganapati\.m2\repository\org\springframework\spring-core\5.0.5.RELEASE\spring-core-5.0.5.RELEASE.jar;C:\Users\sb.ganapati\.m2\repository\org\springframework\spring-jcl\5.0.5.RELEASE\spring-jcl-5.0.5.RELEASE.jar;C:\Users\sb.ganapati\.m2\repository\org\springframework\spring-expression\5.0.5.RELEASE\spring-expression-5.0.5.RELEASE.jar;C:\Users\sb.ganapati\.m2\repository\org\aspectj\aspectjweaver\1.9.1\aspectjweaver-1.9.1.jar;C:\Users\sb.ganapati\.m2\repository\org\openpnp\opencv\3.2.0-1\opencv-3.2.0-1.jar;C:\Users\sb.ganapati\.m2\repository\org\testng\testng\6.14.3\testng-6.14.3.jar;C:\Users\sb.ganapati\.m2\repository\com\beust\jcommander\1.72\jcommander-1.72.jar;C:\Users\sb.ganapati\.m2\repository\org\apache-extras\beanshell\bsh\2.0b6\bsh-2.0b6.jar;C:\Users\sb.ganapati\.m2\repository\org\ow2\asm\asm\7.1\asm-7.1.jar;C:\Users\sb.ganapati\.m2\repository\cglib\cglib-nodep\3.0\cglib-nodep-3.0.jar;C:\Users\sb.ganapati\.m2\repository\org\apache\poi\poi\4.1.0\poi-4.1.0.jar;C:\Users\sb.ganapati\.m2\repository\commons-codec\commons-codec\1.12\commons-codec-1.12.jar;C:\Users\sb.ganapati\.m2\repository\org\apache\commons\commons-collections4\4.3\commons-collections4-4.3.jar;C:\Users\sb.ganapati\.m2\repository\org\apache\commons\commons-math3\3.6.1\commons-math3-3.6.1.jar;C:\Users\sb.ganapati\.m2\repository\org\apache\poi\poi-ooxml\4.1.0\poi-ooxml-4.1.0.jar;C:\Users\sb.ganapati\.m2\repository\org\apache\poi\poi-ooxml-schemas\4.1.0\poi-ooxml-schemas-4.1.0.jar;C:\Users\sb.ganapati\.m2\repository\org\apache\xmlbeans\xmlbeans\3.1.0\xmlbeans-3.1.0.jar;C:\Users\sb.ganapati\.m2\repository\org\apache\commons\commons-compress\1.18\commons-compress-1.18.jar;C:\Users\sb.ganapati\.m2\repository\com\github\virtuald\curvesapi\1.06\curvesapi-1.06.jar;C:\Users\sb.ganapati\.m2\repository\org\apache\commons\commons-lang3\3.9\commons-lang3-3.9.jar;C:\Users\sb.ganapati\.m2\repository\commons-io\commons-io\1.3.2\commons-io-1.3.2.jar;C:\Users\sb.ganapati\.m2\repository\log4j\log4j\1.2.17\log4j-1.2.17.jar;C:\Users\sb.ganapati\.m2\repository\com\aventstack\extentreports\4.0.9\extentreports-4.0.9.jar;C:\Users\sb.ganapati\.m2\repository\org\freemarker\freemarker\2.3.23\freemarker-2.3.23.jar;C:\Users\sb.ganapati\.m2\repository\org\mongodb\mongodb-driver\3.3.0\mongodb-driver-3.3.0.jar;C:\Users\sb.ganapati\.m2\repository\org\mongodb\mongodb-driver-core\3.3.0\mongodb-driver-core-3.3.0.jar;C:\Users\sb.ganapati\.m2\repository\org\mongodb\bson\3.3.0\bson-3.3.0.jar;C:\Users\sb.ganapati\.m2\repository\org\apache\httpcomponents\httpmime\4.5.2\httpmime-4.5.2.jar;"/>
    <property name="sun.cpu.endian" value="little"/>
    <property name="user.home" value="C:\Users\sb.ganapati"/>
    <property name="user.language" value="en"/>
    <property name="java.specification.vendor" value="Oracle Corporation"/>
    <property name="java.home" value="C:\Program Files\Java\jdk1.8.0_151\jre"/>
    <property name="basedir" value="C:\Subu\Samsung\TA2L\Eclipse_Workspace\eBayTvShopping"/>
    <property name="file.separator" value="\"/>
    <property name="line.separator" value="&#10;"/>
    <property name="java.vm.specification.vendor" value="Oracle Corporation"/>
    <property name="java.specification.name" value="Java Platform API Specification"/>
    <property name="java.awt.graphicsenv" value="sun.awt.Win32GraphicsEnvironment"/>
    <property name="surefire.real.class.path" value="C:\Users\SBCA20~1.GAN\AppData\Local\Temp\surefire2226171670801770708\surefirebooter8923624674346466497.jar"/>
    <property name="sun.boot.class.path" value="C:\Program Files\Java\jdk1.8.0_151\jre\lib\resources.jar;C:\Program Files\Java\jdk1.8.0_151\jre\lib\rt.jar;C:\Program Files\Java\jdk1.8.0_151\jre\lib\sunrsasign.jar;C:\Program Files\Java\jdk1.8.0_151\jre\lib\jsse.jar;C:\Program Files\Java\jdk1.8.0_151\jre\lib\jce.jar;C:\Program Files\Java\jdk1.8.0_151\jre\lib\charsets.jar;C:\Program Files\Java\jdk1.8.0_151\jre\lib\jfr.jar;C:\Program Files\Java\jdk1.8.0_151\jre\classes"/>
    <property name="user.script" value=""/>
    <property name="sun.management.compiler" value="HotSpot 64-Bit Tiered Compilers"/>
    <property name="java.runtime.version" value="1.8.0_151-b12"/>
    <property name="user.name" value="sb.ganapati"/>
    <property name="path.separator" value=";"/>
    <property name="os.version" value="6.1"/>
    <property name="java.endorsed.dirs" value="C:\Program Files\Java\jdk1.8.0_151\jre\lib\endorsed"/>
    <property name="java.runtime.name" value="Java(TM) SE Runtime Environment"/>
    <property name="file.encoding" value="Cp1252"/>
    <property name="java.vm.name" value="Java HotSpot(TM) 64-Bit Server VM"/>
    <property name="localRepository" value="C:\Users\sb.ganapati\.m2\repository"/>
    <property name="java.vendor.url.bug" value="http://bugreport.sun.com/bugreport/"/>
    <property name="java.io.tmpdir" value="C:\Users\SBCA20~1.GAN\AppData\Local\Temp\"/>
    <property name="java.version" value="1.8.0_151"/>
    <property name="user.dir" value="C:\Subu\Samsung\TA2L\Eclipse_Workspace\eBayTvShopping"/>
    <property name="os.arch" value="amd64"/>
    <property name="java.vm.specification.name" value="Java Virtual Machine Specification"/>
    <property name="java.awt.printerjob" value="sun.awt.windows.WPrinterJob"/>
    <property name="sun.os.patch.level" value="Service Pack 1"/>
    <property name="java.library.path" value="C:\Program Files\Java\jdk1.8.0_151\jre\bin;C:\windows\Sun\Java\bin;C:\windows\system32;C:\windows;C:/Program Files/Java/jre1.8.0_151/bin/server;C:/Program Files/Java/jre1.8.0_151/bin;C:/Program Files/Java/jre1.8.0_151/lib/amd64;C:\ProgramData\Oracle\Java\javapath;C:\Program Files (x86)\Intel\iCLS Client\;C:\Program Files\Intel\iCLS Client\;C:\windows\system32;C:\windows;C:\windows\System32\Wbem;C:\windows\System32\WindowsPowerShell\v1.0\;C:\Program Files\Intel\Intel(R) Management Engine Components\DAL;C:\Program Files\Intel\Intel(R) Management Engine Components\IPT;C:\Program Files (x86)\Intel\Intel(R) Management Engine Components\DAL;C:\Program Files (x86)\Intel\Intel(R) Management Engine Components\IPT;C:\Program Files (x86)\Intel\OpenCL SDK\2.0\bin\x86;C:\Program Files (x86)\Intel\OpenCL SDK\2.0\bin\x64;C:\Program Files\Intel\WiFi\bin\;C:\Program Files\Common Files\Intel\WirelessCommon\;C:\Python27;C:\Program Files\Java\jdk1.8.0_151\bin;C:\Users\sb.ganapati\AppData\Local\Android\Sdk\platform-tools;C:\Users\sb.ganapati\AppData\Local\Android\Sdk\tools;C:\Users\sb.ganapati\AppData\Local\Android\Sdk\tools\bin;C:\Program Files\nodejs\;C:\Program Files\nodejs\node_modules\npm\bin;C:\Subu\Samsung\Automation\geckodriver-v0.23.0-win64;C:\apache-maven-3.5.4-bin\apache-maven-3.5.4\bin;C:\Users\sb.ganapati\AppData\Roaming\npm;C:\Users\sb.ganapati\DownAPK;C:\Subu\Samsung\TA2L\eclipse-java-photon-M3-win32-x86_64\eclipse;;."/>
    <property name="java.vm.info" value="mixed mode"/>
    <property name="java.vendor" value="Oracle Corporation"/>
    <property name="java.vm.version" value="25.151-b12"/>
    <property name="java.ext.dirs" value="C:\Program Files\Java\jdk1.8.0_151\jre\lib\ext;C:\windows\Sun\Java\lib\ext"/>
    <property name="sun.io.unicode.encoding" value="UnicodeLittle"/>
    <property name="java.class.version" value="52.0"/>
  </properties>
  <testcase name="launchApp" classname="com.ebaytvshopping.testcases.TC_PurchaseTv" time="3.679"/>
  <testcase name="goToSignIn" classname="com.ebaytvshopping.testcases.TC_PurchaseTv" time="6.02"/>
  <testcase name="signInToApp" classname="com.ebaytvshopping.testcases.TC_PurchaseTv" time="55.306"/>
  <testcase name="searchAndSelectItem" classname="com.ebaytvshopping.testcases.TC_PurchaseTv" time="71.287"/>
  <testcase name="cartActions" classname="com.ebaytvshopping.testcases.TC_PurchaseTv" time="11.833">
    <failure message="Can&apos;t locate an element by this strategy: By.chained({By.xpath: //android.widget.TextView[@resource-id=&apos;com.ebay.mobile:id/textview_item_name&apos;]})" type="org.openqa.selenium.NoSuchElementException">org.openqa.selenium.NoSuchElementException: Can't locate an element by this strategy: By.chained({By.xpath: //android.widget.TextView[@resource-id='com.ebay.mobile:id/textview_item_name']})
	at com.ebaytvshopping.testcases.TC_PurchaseTv.cartActions(TC_PurchaseTv.java:97)
Caused by: org.openqa.selenium.TimeoutException: Expected condition failed: waiting for io.appium.java_client.pagefactory.AppiumElementLocator$WaitingFunction@21fd5faa (tried for 1 second(s) with 500 milliseconds interval)
	at com.ebaytvshopping.testcases.TC_PurchaseTv.cartActions(TC_PurchaseTv.java:97)
Caused by: org.openqa.selenium.NoSuchElementException: 
Cannot locate an element using By.chained({By.xpath: //android.widget.TextView[@resource-id='com.ebay.mobile:id/textview_item_name']})
For documentation on this error, please visit: https://www.seleniumhq.org/exceptions/no_such_element.html
Build info: version: '3.141.59', revision: 'e82be7d358', time: '2018-11-14T08:17:03'
System info: host: 'SB-GANAPATI01', ip: '192.168.0.7', os.name: 'Windows 7', os.arch: 'amd64', os.version: '6.1', java.version: '1.8.0_151'
Driver info: driver.version: AndroidDriver
	at com.ebaytvshopping.testcases.TC_PurchaseTv.cartActions(TC_PurchaseTv.java:97)
</failure>
  </testcase>
  <testcase name="doCheckOut" classname="com.ebaytvshopping.testcases.TC_PurchaseTv" time="0">
    <skipped message="Method TC_PurchaseTv.doCheckOut()[pri:6, instance:com.ebaytvshopping.testcases.TC_PurchaseTv@6a2bcfcb] depends on not successfully finished methods"/>
  </testcase>
  <testcase name="clearCart" classname="com.ebaytvshopping.testcases.TC_PurchaseTv" time="58.12">
    <failure message="Can&apos;t locate an element by this strategy: By.chained({By.id: com.ebay.mobile:id/remove_from_cart_button})" type="org.openqa.selenium.NoSuchElementException">org.openqa.selenium.NoSuchElementException: Can't locate an element by this strategy: By.chained({By.id: com.ebay.mobile:id/remove_from_cart_button})
	at com.ebaytvshopping.testcases.TC_PurchaseTv.clearCart(TC_PurchaseTv.java:133)
Caused by: org.openqa.selenium.TimeoutException: Expected condition failed: waiting for io.appium.java_client.pagefactory.AppiumElementLocator$WaitingFunction@6436a7db (tried for 1 second(s) with 500 milliseconds interval)
	at com.ebaytvshopping.testcases.TC_PurchaseTv.clearCart(TC_PurchaseTv.java:133)
Caused by: org.openqa.selenium.NoSuchElementException: 
Cannot locate an element using By.chained({By.id: com.ebay.mobile:id/remove_from_cart_button})
For documentation on this error, please visit: https://www.seleniumhq.org/exceptions/no_such_element.html
Build info: version: '3.141.59', revision: 'e82be7d358', time: '2018-11-14T08:17:03'
System info: host: 'SB-GANAPATI01', ip: '192.168.0.7', os.name: 'Windows 7', os.arch: 'amd64', os.version: '6.1', java.version: '1.8.0_151'
Driver info: driver.version: AndroidDriver
	at com.ebaytvshopping.testcases.TC_PurchaseTv.clearCart(TC_PurchaseTv.java:133)
</failure>
  </testcase>
  <testcase name="endTest" classname="com.ebaytvshopping.testcases.TC_PurchaseTv" time="0">
    <skipped/>
  </testcase>
</testsuite>