<?xml version="1.0" encoding="UTF-8"?>
<!-- Generated by org.testng.reporters.JUnitReportReporter -->
<testsuite skipped="0" hostname="SB-GANAPATI01" name="com.ebaytvshopping.testcases.LoginApp" tests="1" failures="0" timestamp="09 May 2019 04:42:05 GMT" time="64.682" errors="0">
  <testcase name="logIntoApp" time="64.682" classname="com.ebaytvshopping.testcases.LoginApp"/>
</testsuite> <!-- com.ebaytvshopping.testcases.LoginApp -->
