<?xml version="1.0" encoding="UTF-8"?>
<!-- Generated by org.testng.reporters.JUnitReportReporter -->
<testsuite skipped="1" hostname="SB-GANAPATI01" name="com.ebaytvshopping.testcases.TC1_PurchaseTv" tests="7" failures="0" timestamp="12 May 2019 03:44:37 GMT" time="62.874" errors="0">
  <testcase name="launchApp" time="0.470" classname="com.ebaytvshopping.testcases.TC1_PurchaseTv"/>
  <testcase name="goToSignIn" time="1.153" classname="com.ebaytvshopping.testcases.TC1_PurchaseTv"/>
  <testcase name="signInToApp" time="20.387" classname="com.ebaytvshopping.testcases.TC1_PurchaseTv"/>
  <testcase name="searchAndSelectItem" time="21.011" classname="com.ebaytvshopping.testcases.TC1_PurchaseTv"/>
  <testcase name="cartActions" time="13.375" classname="com.ebaytvshopping.testcases.TC1_PurchaseTv"/>
  <testcase name="doCheckOut" time="6.478" classname="com.ebaytvshopping.testcases.TC1_PurchaseTv"/>
  <testcase name="TestActions" classname="com.ebaytvshopping.testcases.TC1_PurchaseTv">
    <skipped/>
  </testcase> <!-- TestActions -->
</testsuite> <!-- com.ebaytvshopping.testcases.TC1_PurchaseTv -->
