<?xml version="1.0" encoding="UTF-8"?>
<!-- Generated by org.testng.reporters.JUnitReportReporter -->
<testsuite skipped="0" hostname="SB-GANAPATI01" name="com.ebaytvshopping.testcases.TC_PurchaseTv" tests="6" failures="0" timestamp="17 May 2019 03:04:16 GMT" time="58.036" errors="0">
  <testcase name="launchApp" time="0.531" classname="com.ebaytvshopping.testcases.TC_PurchaseTv"/>
  <testcase name="goToSignIn" time="1.125" classname="com.ebaytvshopping.testcases.TC_PurchaseTv"/>
  <testcase name="signInToApp" time="19.565" classname="com.ebaytvshopping.testcases.TC_PurchaseTv"/>
  <testcase name="searchAndSelectItem" time="19.497" classname="com.ebaytvshopping.testcases.TC_PurchaseTv"/>
  <testcase name="cartActions" time="13.003" classname="com.ebaytvshopping.testcases.TC_PurchaseTv"/>
  <testcase name="doCheckOut" time="4.315" classname="com.ebaytvshopping.testcases.TC_PurchaseTv"/>
</testsuite> <!-- com.ebaytvshopping.testcases.TC_PurchaseTv -->
