<?xml version="1.0" encoding="UTF-8"?>
<!-- Generated by org.testng.reporters.JUnitReportReporter -->
<testsuite skipped="0" hostname="SB-GANAPATI01" name="com.ebaytvshopping.testcases.TC_PurchaseTv" tests="6" failures="0" timestamp="14 May 2019 11:46:33 GMT" time="57.311" errors="0">
  <testcase name="launchApp" time="0.533" classname="com.ebaytvshopping.testcases.TC_PurchaseTv"/>
  <testcase name="goToSignIn" time="1.201" classname="com.ebaytvshopping.testcases.TC_PurchaseTv"/>
  <testcase name="signInToApp" time="20.215" classname="com.ebaytvshopping.testcases.TC_PurchaseTv"/>
  <testcase name="searchAndSelectItem" time="19.591" classname="com.ebaytvshopping.testcases.TC_PurchaseTv"/>
  <testcase name="cartActions" time="9.843" classname="com.ebaytvshopping.testcases.TC_PurchaseTv"/>
  <testcase name="doCheckOut" time="5.928" classname="com.ebaytvshopping.testcases.TC_PurchaseTv"/>
</testsuite> <!-- com.ebaytvshopping.testcases.TC_PurchaseTv -->
