<?xml version="1.0" encoding="UTF-8"?>
<!-- Generated by org.testng.reporters.JUnitReportReporter -->
<testsuite skipped="0" hostname="SB-GANAPATI01" name="com.ebaytvshopping.testcases.TC_PurchaseTv" tests="6" failures="0" timestamp="16 May 2019 09:28:26 GMT" time="58.616" errors="0">
  <testcase name="launchApp" time="0.571" classname="com.ebaytvshopping.testcases.TC_PurchaseTv"/>
  <testcase name="goToSignIn" time="2.048" classname="com.ebaytvshopping.testcases.TC_PurchaseTv"/>
  <testcase name="signInToApp" time="20.835" classname="com.ebaytvshopping.testcases.TC_PurchaseTv"/>
  <testcase name="searchAndSelectItem" time="17.618" classname="com.ebaytvshopping.testcases.TC_PurchaseTv"/>
  <testcase name="cartActions" time="12.194" classname="com.ebaytvshopping.testcases.TC_PurchaseTv"/>
  <testcase name="doCheckOut" time="5.350" classname="com.ebaytvshopping.testcases.TC_PurchaseTv"/>
</testsuite> <!-- com.ebaytvshopping.testcases.TC_PurchaseTv -->
