<?xml version="1.0" encoding="UTF-8"?>
<!-- Generated by org.testng.reporters.JUnitReportReporter -->
<testsuite skipped="0" hostname="SB-GANAPATI01" name="com.ebaytvshopping.testcases.TC_PurchaseTv" tests="6" failures="0" timestamp="19 May 2019 23:54:34 GMT" time="59.264" errors="0">
  <testcase name="launchApp" time="0.485" classname="com.ebaytvshopping.testcases.TC_PurchaseTv"/>
  <testcase name="goToSignIn" time="1.141" classname="com.ebaytvshopping.testcases.TC_PurchaseTv"/>
  <testcase name="signInToApp" time="20.055" classname="com.ebaytvshopping.testcases.TC_PurchaseTv"/>
  <testcase name="searchAndSelectItem" time="20.332" classname="com.ebaytvshopping.testcases.TC_PurchaseTv"/>
  <testcase name="cartActions" time="11.909" classname="com.ebaytvshopping.testcases.TC_PurchaseTv"/>
  <testcase name="doCheckOut" time="5.342" classname="com.ebaytvshopping.testcases.TC_PurchaseTv"/>
</testsuite> <!-- com.ebaytvshopping.testcases.TC_PurchaseTv -->
